 
To get started, type one of these: helpwin, helpdesk, or demo.
For product information, visit www.mathworks.com.
 
    ----------------------------------------------------
	Your MATLAB license will expire in 14 days.
	Please contact your system administrator or
	go to MathWorks.com to renew this license.
    ----------------------------------------------------

	Trial License -- for use to evaluate programs for possible purchase as an end-user only.

Hello World
Hello World

ans =

     0


MATLAB Code files in folder C:\Users\bela-tamas.jozsa\Documents\MATLAB\MachineLearning\lib

main  

Packages in folder C:\Users\bela-tamas.jozsa\Documents\MATLAB\MachineLearning\lib

ml  



ans =

  0×1 empty cell array


		MATLABPATH

	C:\Users\bela-tamas.jozsa\Documents\MATLAB
	C:\Users\bela-tamas.jozsa\Documents\MATLAB\MachineLearning\lib
	C:\Users\bela-tamas.jozsa\Documents\MATLAB\MachineLearning\gui
	C:\Program Files\MATLAB\R2017a\toolbox\matlab\datafun
	C:\Program Files\MATLAB\R2017a\toolbox\matlab\datatypes
	C:\Program Files\MATLAB\R2017a\toolbox\matlab\elfun
	C:\Program Files\MATLAB\R2017a\toolbox\matlab\elmat
	C:\Program Files\MATLAB\R2017a\toolbox\matlab\funfun
	C:\Program Files\MATLAB\R2017a\toolbox\matlab\general
	C:\Program Files\MATLAB\R2017a\toolbox\matlab\iofun
	C:\Program Files\MATLAB\R2017a\toolbox\matlab\lang
	C:\Program Files\MATLAB\R2017a\toolbox\matlab\matfun
	C:\Program Files\MATLAB\R2017a\toolbox\matlab\mvm
	C:\Program Files\MATLAB\R2017a\toolbox\matlab\ops
	C:\Program Files\MATLAB\R2017a\toolbox\matlab\polyfun
	C:\Program Files\MATLAB\R2017a\toolbox\matlab\randfun
	C:\Program Files\MATLAB\R2017a\toolbox\matlab\sparfun
	C:\Program Files\MATLAB\R2017a\toolbox\matlab\specfun
	C:\Program Files\MATLAB\R2017a\toolbox\matlab\strfun
	C:\Program Files\MATLAB\R2017a\toolbox\matlab\timefun
	C:\Program Files\MATLAB\R2017a\toolbox\matlab\validators
	C:\Program Files\MATLAB\R2017a\toolbox\matlab\demos
	C:\Program Files\MATLAB\R2017a\toolbox\matlab\findfiles
	C:\Program Files\MATLAB\R2017a\toolbox\matlab\graph2d
	C:\Program Files\MATLAB\R2017a\toolbox\matlab\graph3d
	C:\Program Files\MATLAB\R2017a\toolbox\matlab\graphics
	C:\Program Files\MATLAB\R2017a\toolbox\matlab\graphics\obsolete
	C:\Program Files\MATLAB\R2017a\toolbox\matlab\plottools
	C:\Program Files\MATLAB\R2017a\toolbox\matlab\scribe
	C:\Program Files\MATLAB\R2017a\toolbox\matlab\scribe\obsolete
	C:\Program Files\MATLAB\R2017a\toolbox\matlab\specgraph
	C:\Program Files\MATLAB\R2017a\toolbox\matlab\uitools
	C:\Program Files\MATLAB\R2017a\toolbox\matlab\uitools\obsolete
	C:\Program Files\MATLAB\R2017a\toolbox\matlab\hardware\stubs
	C:\Program Files\MATLAB\R2017a\toolbox\matlab\images
	C:\Program Files\MATLAB\R2017a\toolbox\local
	C:\Program Files\MATLAB\R2017a\toolbox\matlab\optimfun
	C:\Program Files\MATLAB\R2017a\toolbox\matlab\bigdata
	C:\Program Files\MATLAB\R2017a\toolbox\matlab\codetools
	C:\Program Files\MATLAB\R2017a\toolbox\matlab\codetools\embeddedoutputs
	C:\Program Files\MATLAB\R2017a\toolbox\matlab\datamanager
	C:\Program Files\MATLAB\R2017a\toolbox\matlab\datastoreio
	C:\Program Files\MATLAB\R2017a\toolbox\matlab\depfun
	C:\Program Files\MATLAB\R2017a\toolbox\matlab\graphfun
	C:\Program Files\MATLAB\R2017a\toolbox\matlab\guide
	C:\Program Files\MATLAB\R2017a\toolbox\matlab\helptools
	C:\Program Files\MATLAB\R2017a\toolbox\matlab\icons
	C:\Program Files\MATLAB\R2017a\toolbox\matlab\mapreduceio
	C:\Program Files\MATLAB\R2017a\toolbox\matlab\testframework\core
	C:\Program Files\MATLAB\R2017a\toolbox\matlab\testframework\obsolete
	C:\Program Files\MATLAB\R2017a\toolbox\matlab\testframework\ext
	C:\Program Files\MATLAB\R2017a\toolbox\matlab\testframework\measurement
	C:\Program Files\MATLAB\R2017a\toolbox\matlab\testframework\mock
	C:\Program Files\MATLAB\R2017a\toolbox\matlab\testframework\performance
	C:\Program Files\MATLAB\R2017a\toolbox\matlab\verctrl
	C:\Program Files\MATLAB\R2017a\toolbox\matlab\winfun
	C:\Program Files\MATLAB\R2017a\toolbox\matlab\winfun\NET
	C:\Program Files\MATLAB\R2017a\toolbox\simulink\sldependency
	C:\Program Files\MATLAB\R2017a\toolbox\matlab\addons
	C:\Program Files\MATLAB\R2017a\toolbox\matlab\addons\cef
	C:\Program Files\MATLAB\R2017a\toolbox\matlab\addons\fallbackmanager
	C:\Program Files\MATLAB\R2017a\toolbox\matlab\addons\supportpackages
	C:\Program Files\MATLAB\R2017a\toolbox\matlab\addons_product
	C:\Program Files\MATLAB\R2017a\toolbox\matlab\supportpackagemanagement
	C:\Program Files\MATLAB\R2017a\toolbox\matlab\addons_toolbox
	C:\Program Files\MATLAB\R2017a\toolbox\matlab\addons_zip
	C:\Program Files\MATLAB\R2017a\toolbox\matlab\appdesigner\appdesigner
	C:\Program Files\MATLAB\R2017a\toolbox\matlab\appdesigner\appdesigner\interface
	C:\Program Files\MATLAB\R2017a\toolbox\matlab\apps
	C:\Program Files\MATLAB\R2017a\toolbox\matlab\audiovideo
	C:\Program Files\MATLAB\R2017a\toolbox\matlab\cefclient
	C:\Program Files\MATLAB\R2017a\toolbox\shared\comparisons
	C:\Program Files\MATLAB\R2017a\toolbox\matlab\configtools
	C:\Program Files\MATLAB\R2017a\toolbox\matlab\connector2\common
	C:\Program Files\MATLAB\R2017a\toolbox\matlab\connector2\configuration
	C:\Program Files\MATLAB\R2017a\toolbox\matlab\connector2\connector
	C:\Program Files\MATLAB\R2017a\toolbox\matlab\connector2\editor
	C:\Program Files\MATLAB\R2017a\toolbox\matlab\connector2\figures
	C:\Program Files\MATLAB\R2017a\toolbox\matlab\connector2\file
	C:\Program Files\MATLAB\R2017a\toolbox\matlab\connector2\framework
	C:\Program Files\MATLAB\R2017a\toolbox\matlab\connector2\http
	C:\Program Files\MATLAB\R2017a\toolbox\matlab\connector2\interpreter
	C:\Program Files\MATLAB\R2017a\toolbox\matlab\connector2\json
	C:\Program Files\MATLAB\R2017a\toolbox\matlab\connector2\logger
	C:\Program Files\MATLAB\R2017a\toolbox\matlab\connector2\messageservice
	C:\Program Files\MATLAB\R2017a\toolbox\matlab\connector2\mgg
	C:\Program Files\MATLAB\R2017a\toolbox\matlab\connector2\microservices
	C:\Program Files\MATLAB\R2017a\toolbox\matlab\connector2\nativebridge
	C:\Program Files\MATLAB\R2017a\toolbox\matlab\connector2\restmatlab
	C:\Program Files\MATLAB\R2017a\toolbox\matlab\connector2\security
	C:\Program Files\MATLAB\R2017a\toolbox\matlab\connector2\session
	C:\Program Files\MATLAB\R2017a\toolbox\matlab\connector2\shadowfiles
	C:\Program Files\MATLAB\R2017a\toolbox\matlab\connector2\usmatlabhost
	C:\Program Files\MATLAB\R2017a\toolbox\matlab\connector2\visualization
	C:\Program Files\MATLAB\R2017a\toolbox\matlab\connector2\worker
	C:\Program Files\MATLAB\R2017a\toolbox\matlab\reports
	C:\Program Files\MATLAB\R2017a\toolbox\matlab\datatools\inspector\matlab
	C:\Program Files\MATLAB\R2017a\toolbox\matlab\datatools\plotstab\matlab
	C:\Program Files\MATLAB\R2017a\toolbox\matlab\datatools\variableeditor\matlab
	C:\Program Files\MATLAB\R2017a\toolbox\matlab\external\engines\engine_api
	C:\Program Files\MATLAB\R2017a\toolbox\matlab\filebrowser
	C:\Program Files\MATLAB\R2017a\toolbox\matlab\uitools\uicomponents\components
	C:\Program Files\MATLAB\R2017a\toolbox\hdlcoder\hdllib\ml_lib
	C:\Program Files\MATLAB\R2017a\toolbox\shared\hadoopserializer
	C:\Program Files\MATLAB\R2017a\toolbox\shared\appdes\services
	C:\Program Files\MATLAB\R2017a\toolbox\shared\hwmanager\hwconnection
	C:\Program Files\MATLAB\R2017a\toolbox\shared\hwmanager\hwsetup
	C:\Program Files\MATLAB\R2017a\toolbox\shared\hwmanager\hwsetup\hwwidgets
	C:\Program Files\MATLAB\R2017a\toolbox\shared\hwmanager\hwsetup\hwtemplates
	C:\Program Files\MATLAB\R2017a\toolbox\shared\hwmanager\hwsetup\launch
	C:\Program Files\MATLAB\R2017a\toolbox\shared\hwmanager\logger
	C:\Program Files\MATLAB\R2017a\toolbox\matlab\imagesci
	C:\Program Files\MATLAB\R2017a\toolbox\shared\instrument
	C:\Program Files\MATLAB\R2017a\toolbox\shared\m3i
	C:\Program Files\MATLAB\R2017a\toolbox\matlab\networklib
	C:\Program Files\MATLAB\R2017a\toolbox\matlab\pathtool
	C:\Program Files\MATLAB\R2017a\toolbox\matlab\external\interfaces\python
	C:\Program Files\MATLAB\R2017a\toolbox\matlab\serial
	C:\Program Files\MATLAB\R2017a\toolbox\shared\advisor
	C:\Program Files\MATLAB\R2017a\toolbox\shared\asynciolib
	C:\Program Files\MATLAB\R2017a\toolbox\shared\cmlink\api
	C:\Program Files\MATLAB\R2017a\toolbox\shared\coder\coder
	C:\Program Files\MATLAB\R2017a\toolbox\shared\controllib\general
	C:\Program Files\MATLAB\R2017a\toolbox\shared\controllib\graphics
	C:\Program Files\MATLAB\R2017a\toolbox\shared\controllib\graphics\utils
	C:\Program Files\MATLAB\R2017a\toolbox\shared\controllib\graphics\plotoptions
	C:\Program Files\MATLAB\R2017a\toolbox\shared\dastudio
	C:\Program Files\MATLAB\R2017a\toolbox\shared\deviceplugindetection
	C:\Program Files\MATLAB\R2017a\toolbox\shared\hotpluglib
	C:\Program Files\MATLAB\R2017a\toolbox\shared\hwconnectinstaller
	C:\Program Files\MATLAB\R2017a\toolbox\shared\hwconnectinstaller\common
	C:\Program Files\MATLAB\R2017a\toolbox\shared\imageio
	C:\Program Files\MATLAB\R2017a\toolbox\shared\io
	C:\Program Files\MATLAB\R2017a\toolbox\shared\mlreportgen\dom
	C:\Program Files\MATLAB\R2017a\toolbox\shared\mlreportgen\dom\dom
	C:\Program Files\MATLAB\R2017a\toolbox\shared\mlreportgen\dom\dom\help
	C:\Program Files\MATLAB\R2017a\toolbox\shared\mlreportgen\ppt
	C:\Program Files\MATLAB\R2017a\toolbox\shared\mlreportgen\ppt\ppt
	C:\Program Files\MATLAB\R2017a\toolbox\shared\mlreportgen\ppt\ppt\help
	C:\Program Files\MATLAB\R2017a\toolbox\shared\multimedia
	C:\Program Files\MATLAB\R2017a\toolbox\shared\networklib
	C:\Program Files\MATLAB\R2017a\toolbox\shared\rptgen
	C:\Program Files\MATLAB\R2017a\toolbox\shared\spreadsheet
	C:\Program Files\MATLAB\R2017a\toolbox\shared\supportpkgservices\legacysupportpkginfo
	C:\Program Files\MATLAB\R2017a\toolbox\shared\supportpkgservices\installservices
	C:\Program Files\MATLAB\R2017a\toolbox\shared\supportpkgservices\supportpackageroot
	C:\Program Files\MATLAB\R2017a\toolbox\shared\supportpkgservices\installedapi
	C:\Program Files\MATLAB\R2017a\toolbox\shared\supportsoftware\launcher
	C:\Program Files\MATLAB\R2017a\toolbox\shared\supportsoftware\services
	C:\Program Files\MATLAB\R2017a\toolbox\shared\testmeaslib\general
	C:\Program Files\MATLAB\R2017a\toolbox\shared\testmeaslib\graphics
	C:\Program Files\MATLAB\R2017a\toolbox\shared\simulink
	C:\Program Files\MATLAB\R2017a\toolbox\simulink\simulink\slproject
	C:\Program Files\MATLAB\R2017a\toolbox\simulink\simulink\slproject\menu
	C:\Program Files\MATLAB\R2017a\toolbox\shared\diagnostic
	C:\Program Files\MATLAB\R2017a\toolbox\matlab\spf\matlabhost
	C:\Program Files\MATLAB\R2017a\toolbox\matlab\spf\matlabservices
	C:\Program Files\MATLAB\R2017a\toolbox\matlab\storage\matlabdrive
	C:\Program Files\MATLAB\R2017a\toolbox\matlab\storage\mldrivedesktop
	C:\Program Files\MATLAB\R2017a\toolbox\matlab\system
	C:\Program Files\MATLAB\R2017a\toolbox\matlab\system\editor
	C:\Program Files\MATLAB\R2017a\toolbox\matlab\timeseries
	C:\Program Files\MATLAB\R2017a\toolbox\matlab\toolboxmanagement\matlab_api
	C:\Program Files\MATLAB\R2017a\toolbox\matlab\toolbox_packaging
	C:\Program Files\MATLAB\R2017a\toolbox\matlab\toolstrip
	C:\Program Files\MATLAB\R2017a\toolbox\matlab\uicomponents\uicomponents\plugin\appdesigner
	C:\Program Files\MATLAB\R2017a\toolbox\matlab\uicomponents\uicomponents\plugin\appdesigner\graphics
	C:\Program Files\MATLAB\R2017a\toolbox\matlab\uicomponents\uicomponents
	C:\Program Files\MATLAB\R2017a\toolbox\matlab\uicomponents\uicomponents\graphics
	C:\Program Files\MATLAB\R2017a\toolbox\matlab\webcam
	C:\Program Files\MATLAB\R2017a\toolbox\matlab\external\interfaces\webservices\http
	C:\Program Files\MATLAB\R2017a\toolbox\matlab\external\interfaces\json
	C:\Program Files\MATLAB\R2017a\toolbox\matlab\external\interfaces\webservices\restful
	C:\Program Files\MATLAB\R2017a\toolbox\matlab\external\interfaces\webservices
	C:\Program Files\MATLAB\R2017a\toolbox\matlab\external\interfaces\webservices\wsdl
